ParseStarterProject/build/outputs/mapping/release/seeds.txt
com.parse.starter.BuildConfig
com.parse.starter.BuildConfig: boolean DEBUG
com.parse.starter.BuildConfig: java.lang.String APPLICATION_ID
com.parse.starter.BuildConfig: java.lang.String BUILD_TYPE
com.parse.starter.BuildConfig: java.lang.String FLAVOR
com.parse.starter.BuildConfig: int VERSION_CODE
com.parse.starter.BuildConfig: java.lang.String VERSION_NAME
com.parse.starter.BuildConfig: BuildConfig()
com.parse.starter.MainActivity
com.parse.starter.MainActivity: MainActivity()
com.parse.starter.MainActivity: void getStarted(android.view.View)
com.parse.starter.MainActivity: void onCreate(android.os.Bundle)
com.parse.starter.MainActivity$1
com.parse.starter.MainActivity$1: com.parse.starter.MainActivity this$0
com.parse.starter.MainActivity$1: MainActivity$1(com.parse.starter.MainActivity)
com.parse.starter.MainActivity$1: void done(com.parse.ParseUser,com.parse.ParseException)
com.parse.starter.MainActivity$1: void done(java.lang.Object,java.lang.Throwable)
com.parse.starter.Manifest
com.parse.starter.Manifest: Manifest()
com.parse.starter.Manifest$permission
com.parse.starter.Manifest$permission: java.lang.String C2D_MESSAGE
com.parse.starter.Manifest$permission: Manifest$permission()
com.parse.starter.R
com.parse.starter.R: R()
com.parse.starter.R$anim
com.parse.starter.R$anim: int abc_fade_in
com.parse.starter.R$anim: int abc_fade_out
com.parse.starter.R$anim: int abc_grow_fade_in_from_bottom
com.parse.starter.R$anim: int abc_popup_enter
com.parse.starter.R$anim: int abc_popup_exit
com.parse.starter.R$anim: int abc_shrink_fade_out_from_bottom
com.parse.starter.R$anim: int abc_slide_in_bottom
com.parse.starter.R$anim: int abc_slide_in_top
com.parse.starter.R$anim: int abc_slide_out_bottom
com.parse.starter.R$anim: int abc_slide_out_top
com.parse.starter.R$anim: R$anim()
com.parse.starter.R$array
com.parse.starter.R$array: int cast_expanded_controller_default_control_buttons
com.parse.starter.R$array: int cast_mini_controller_default_control_buttons
com.parse.starter.R$array: R$array()
com.parse.starter.R$attr
com.parse.starter.R$attr: int actionBarDivider
com.parse.starter.R$attr: int actionBarItemBackground
com.parse.starter.R$attr: int actionBarPopupTheme
com.parse.starter.R$attr: int actionBarSize
com.parse.starter.R$attr: int actionBarSplitStyle
com.parse.starter.R$attr: int actionBarStyle
com.parse.starter.R$attr: int actionBarTabBarStyle
com.parse.starter.R$attr: int actionBarTabStyle
com.parse.starter.R$attr: int actionBarTabTextStyle
com.parse.starter.R$attr: int actionBarTheme
com.parse.starter.R$attr: int actionBarWidgetTheme
com.parse.starter.R$attr: int actionButtonStyle
com.parse.starter.R$attr: int actionDropDownStyle
com.parse.starter.R$attr: int actionLayout
com.parse.starter.R$attr: int actionMenuTextAppearance
com.parse.starter.R$attr: int actionMenuTextColor
com.parse.starter.R$attr: int actionModeBackground
com.parse.starter.R$attr: int actionModeCloseButtonStyle
com.parse.starter.R$attr: int actionModeCloseDrawable
com.parse.starter.R$attr: int actionModeCopyDrawable
com.parse.starter.R$attr: int actionModeCutDrawable
com.parse.starter.R$attr: int actionModeFindDrawable
com.parse.starter.R$attr: int actionModePasteDrawable
com.parse.starter.R$attr: int actionModePopupWindowStyle
com.parse.starter.R$attr: int actionModeSelectAllDrawable
com.parse.starter.R$attr: int actionModeShareDrawable
com.parse.starter.R$attr: int actionModeSplitBackground
com.parse.starter.R$attr: int actionModeStyle
...
com.parse.ParseUser$9$1
com.parse.ParseUser$9$1: com.parse.ParseUser val$newCurrent
com.parse.ParseUser$9$1: com.parse.ParseUser$9 this$0
com.parse.ParseUser$9$1: ParseUser$9$1(com.parse.ParseUser$9,com.parse.ParseUser)
com.parse.ParseUser$9$1: com.parse.ParseUser then(bolts.Task)
com.parse.ParseUser$9$1: java.lang.Object then(bolts.Task)
com.parse.ParseUser$State
com.parse.ParseUser$State: boolean isNew
com.parse.ParseUser$State: ParseUser$State(com.parse.ParseUser$State$Builder)
com.parse.ParseUser$State: com.parse.ParseUser$State$Builder newBuilder()
com.parse.ParseUser$State: java.lang.String sessionToken()
com.parse.ParseUser$State: java.util.Map authData()
com.parse.ParseUser$State: boolean isNew()
com.parse.ParseUser$State: com.parse.ParseObject$State$Init newBuilder()
com.parse.ParseUser$State: ParseUser$State(com.parse.ParseUser$State$Builder,com.parse.ParseUser$1)
com.parse.ParseUser$State$Builder
com.parse.ParseUser$State$Builder: boolean isNew
com.parse.ParseUser$State$Builder: ParseUser$State$Builder()
com.parse.ParseUser$State$Builder: ParseUser$State$Builder(com.parse.ParseUser$State)
com.parse.ParseUser$State$Builder: com.parse.ParseUser$State$Builder self()
com.parse.ParseUser$State$Builder: com.parse.ParseUser$State build()
com.parse.ParseUser$State$Builder: com.parse.ParseUser$State$Builder apply(com.parse.ParseObject$State)
com.parse.ParseUser$State$Builder: com.parse.ParseUser$State$Builder sessionToken(java.lang.String)
com.parse.ParseUser$State$Builder: com.parse.ParseUser$State$Builder authData(java.util.Map)
com.parse.ParseUser$State$Builder: com.parse.ParseUser$State$Builder putAuthData(java.lang.String,java.util.Map)
com.parse.ParseUser$State$Builder: com.parse.ParseUser$State$Builder isNew(boolean)
com.parse.ParseUser$State$Builder: com.parse.ParseObject$State$Init apply(com.parse.ParseObject$State)
com.parse.ParseUser$State$Builder: com.parse.ParseObject$State build()
com.parse.ParseUser$State$Builder: com.parse.ParseObject$State$Init self()
com.parse.ParseUser$State$Builder: boolean access$100(com.parse.ParseUser$State$Builder)
com.parse.ParseUserController
com.parse.ParseUserController: bolts.Task signUpAsync(com.parse.ParseObject$State,com.parse.ParseOperationSet,java.lang.String)
com.parse.ParseUserController: bolts.Task logInAsync(java.lang.String,java.lang.String)
com.parse.ParseUserController: bolts.Task logInAsync(com.parse.ParseUser$State,com.parse.ParseOperationSet)
com.parse.ParseUserController: bolts.Task logInAsync(java.lang.String,java.util.Map)
com.parse.ParseUserController: bolts.Task getUserAsync(java.lang.String)
com.parse.ParseUserController: bolts.Task requestPasswordResetAsync(java.lang.String)
com.parse.ParseUserCurrentCoder
com.parse.ParseUserCurrentCoder: java.lang.String KEY_AUTH_DATA
com.parse.ParseUserCurrentCoder: java.lang.String KEY_SESSION_TOKEN
com.parse.ParseUserCurrentCoder: com.parse.ParseUserCurrentCoder INSTANCE
com.parse.ParseUserCurrentCoder: com.parse.ParseUserCurrentCoder get()
com.parse.ParseUserCurrentCoder: ParseUserCurrentCoder()
com.parse.ParseUserCurrentCoder: org.json.JSONObject encode(com.parse.ParseObject$State,com.parse.ParseOperationSet,com.parse.ParseEncoder)
com.parse.ParseUserCurrentCoder: com.parse.ParseObject$State$Init decode(com.parse.ParseObject$State$Init,org.json.JSONObject,com.parse.ParseDecoder)
com.parse.ParseUserCurrentCoder: void <clinit>()
com.parse.ParseWakeLock
com.parse.ParseWakeLock: java.lang.String TAG
com.parse.ParseWakeLock: boolean hasWakeLockPermission
com.parse.ParseWakeLock: android.os.PowerManager$WakeLock wakeLock
com.parse.ParseWakeLock: com.parse.ParseWakeLock acquireNewWakeLock(android.content.Context,int,java.lang.String,long)
com.parse.ParseWakeLock: ParseWakeLock(android.os.PowerManager$WakeLock)
com.parse.ParseWakeLock: void release()
com.parse.ParseWakeLock: void <clinit>()