ParseStarterProject/build/outputs/mapping/release/mapping.txt
com.parse.starter.MainActivity -> com.parse.starter.MainActivity:
    26:26:void <init>() -> <init>
    30:41:void getStarted(android.view.View) -> getStarted
    46:74:void onCreate(android.os.Bundle) -> onCreate
com.parse.starter.MainActivity$1 -> com.parse.starter.MainActivity$1:
    com.parse.starter.MainActivity this$0 -> this$0
    53:53:void <init>(com.parse.starter.MainActivity) -> <init>
    57:63:void done(com.parse.ParseUser,com.parse.ParseException) -> done
    53:53:void done(java.lang.Object,java.lang.Throwable) -> done
com.parse.starter.StarterApplication -> com.parse.starter.StarterApplication:
    22:22:void <init>() -> <init>
    26:62:void onCreate() -> onCreate
...
com.parse.OfflineStore$35 -> com.parse.OfflineStore$35:
    bolts.Capture val$uuid -> val$uuid
    com.parse.ParseSQLiteDatabase val$db -> val$db
    com.parse.OfflineStore this$0 -> this$0
    1149:1149:void <init>(com.parse.OfflineStore,bolts.Capture,com.parse.ParseSQLiteDatabase) -> <init>
    1152:1154:bolts.Task then(bolts.Task) -> then
    1149:1149:java.lang.Object then(bolts.Task) -> then
com.parse.OfflineStore$36 -> com.parse.OfflineStore$36:
    java.lang.String val$name -> val$name
    com.parse.OfflineStore this$0 -> this$0
    1187:1187:void <init>(com.parse.OfflineStore,java.lang.String) -> <init>
    1190:1201:com.parse.ParsePin then(bolts.Task) -> then
    1187:1187:java.lang.Object then(bolts.Task) -> then
com.parse.OfflineStore$37 -> com.parse.OfflineStore$37:
    java.lang.String val$name -> val$name
    java.util.List val$objects -> val$objects
    boolean val$includeChildren -> val$includeChildren
    com.parse.OfflineStore this$0 -> this$0
    1210:1210:void <init>(com.parse.OfflineStore,java.lang.String,java.util.List,boolean) -> <init>
    1213:1213:bolts.Task call(com.parse.ParseSQLiteDatabase) -> call
    1210:1210:java.lang.Object call(com.parse.ParseSQLiteDatabase) -> call
com.parse.OfflineStore$38 -> com.parse.OfflineStore$38:
    java.util.List val$objects -> val$objects
    boolean val$includeChildren -> val$includeChildren
    com.parse.ParseSQLiteDatabase val$db -> val$db
    com.parse.OfflineStore this$0 -> this$0
    1227:1227:void <init>(com.parse.OfflineStore,java.util.List,boolean,com.parse.ParseSQLiteDatabase) -> <init>
    1230:1253:bolts.Task then(bolts.Task) -> then
    1227:1227:java.lang.Object then(bolts.Task) -> then
com.parse.OfflineStore$39 -> com.parse.OfflineStore$39:
    java.lang.String val$name -> val$name
    java.util.List val$objects -> val$objects
    com.parse.OfflineStore this$0 -> this$0
    1261:1261:void <init>(com.parse.OfflineStore,java.lang.String,java.util.List) -> <init>
    1264:1264:bolts.Task call(com.parse.ParseSQLiteDatabase) -> call
    1261:1261:java.lang.Object call(com.parse.ParseSQLiteDatabase) -> call
com.parse.OfflineStore$4 -> com.parse.OfflineStore$4:
    com.parse.ParseQuery$State val$query -> val$query
    com.parse.ParseSQLiteDatabase val$db -> val$db
    com.parse.OfflineStore this$0 -> this$0
    363:363:void <init>(com.parse.OfflineStore,com.parse.ParseQuery$State,com.parse.ParseSQLiteDatabase) -> <init>
    366:379:bolts.Task then(bolts.Task) -> then
    363:363:java.lang.Object then(bolts.Task) -> then
com.parse.OfflineStore$40 -> com.parse.OfflineStore$40:
    java.util.List val$objects -> val$objects
    com.parse.ParseSQLiteDatabase val$db -> val$db
    com.parse.OfflineStore this$0 -> this$0
    1277:1277:void <init>(com.parse.OfflineStore,java.util.List,com.parse.ParseSQLiteDatabase) -> <init>
    1280:1300:bolts.Task then(bolts.Task) -> then
    1277:1277:java.lang.Object then(bolts.Task) -> then
com.parse.OfflineStore$41 -> com.parse.OfflineStore$41:
    java.lang.String val$name -> val$name
    com.parse.OfflineStore this$0 -> this$0
    1306:1306:void <init>(com.parse.OfflineStore,java.lang.String) -> <init>
    1309:1309:bolts.Task call(com.parse.ParseSQLiteDatabase) -> call
    1306:1306:java.lang.Object call(com.parse.ParseSQLiteDatabase) -> call
com.parse.OfflineStore$42 -> com.parse.OfflineStore$42:
    com.parse.ParseSQLiteDatabase val$db -> val$db
    com.parse.OfflineStore this$0 -> this$0
    1315:1315:void <init>(com.parse.OfflineStore,com.parse.ParseSQLiteDatabase) -> <init>
    1318:1322:bolts.Task then(bolts.Task) -> then
    1315:1315:java.lang.Object then(bolts.Task) -> then