ParseStarterProject/build/outputs/mapping/release/usage.txt
com.parse.starter.BuildConfig
com.parse.starter.Manifest
com.parse.starter.Manifest$permission
com.parse.starter.R
com.parse.starter.R$anim
com.parse.starter.R$array
com.parse.starter.R$attr
com.parse.starter.R$bool
com.parse.starter.R$color
com.parse.starter.R$dimen
com.parse.starter.R$drawable
com.parse.starter.R$id
com.parse.starter.R$integer
com.parse.starter.R$layout
com.parse.starter.R$mipmap
com.parse.starter.R$raw
com.parse.starter.R$string
com.parse.starter.R$style
com.parse.starter.R$styleable
...
com.google.firebase.database.Exclude
com.google.firebase.database.FirebaseDatabase
com.google.firebase.database.FirebaseDatabase$1
com.google.firebase.database.GenericTypeIndicator
com.google.firebase.database.IgnoreExtraProperties
com.google.firebase.database.Logger
com.google.firebase.database.Logger$Level
com.google.firebase.database.MutableData
com.google.firebase.database.MutableData$1
com.google.firebase.database.MutableData$1$1
com.google.firebase.database.MutableData$2
com.google.firebase.database.MutableData$2$1
com.google.firebase.database.OnDisconnect
com.google.firebase.database.OnDisconnect$1
com.google.firebase.database.OnDisconnect$2
com.google.firebase.database.OnDisconnect$3
com.google.firebase.database.PropertyName
com.google.firebase.database.Query
com.google.firebase.database.Query$1
com.google.firebase.database.Query$2
com.google.firebase.database.Query$3
com.google.firebase.database.Query$4
com.google.firebase.database.ServerValue
com.google.firebase.database.ThrowOnExtraProperties
com.google.firebase.database.Transaction
com.google.firebase.database.Transaction$1
com.google.firebase.database.Transaction$Handler
com.google.firebase.database.Transaction$Result
com.google.firebase.database.ValueEventListener
com.google.firebase.database.connection.idl.CompoundHashParcelable:
    public static com.google.firebase.database.connection.idl.CompoundHashParcelable zza(com.google.android.gms.internal.zzagp)
com.google.firebase.database.connection.idl.ConnectionConfig:
    public ConnectionConfig(com.google.android.gms.internal.zzagu,com.google.android.gms.internal.zzajv$zza,java.util.List,boolean,java.lang.String,java.lang.String)
com.google.firebase.database.connection.idl.ConnectionConfig$1
com.google.firebase.database.connection.idl.HostInfoParcelable:
    public static com.google.firebase.database.connection.idl.HostInfoParcelable zza(com.google.android.gms.internal.zzagu)
com.google.firebase.database.connection.idl.zzc
com.google.firebase.database.connection.idl.zzc$1
com.google.firebase.database.connection.idl.zzc$2
com.google.firebase.database.connection.idl.zzg$zza:
    public zzg$zza()
com.google.firebase.database.connection.idl.zzj$zza:
    public zzj$zza()
com.google.firebase.database.zza
com.google.firebase.iid.FirebaseInstanceId:
    public long getCreationTime()
    public void deleteInstanceId()
    public void deleteToken(java.lang.String,java.lang.String)
    public void zzsv(java.lang.String)
com.google.firebase.iid.zzc:
    public java.lang.String getToken()
com.google.firebase.iid.zzd:
    public long getCreationTime()
com.google.firebase.iid.zze:
    void zzsv(java.lang.String)
com.google.firebase.messaging.FirebaseMessaging
com.google.firebase.messaging.RemoteMessage:
    private java.util.Map zzctd
    private com.google.firebase.messaging.RemoteMessage$Notification baR
    void zzaf(android.content.Intent)
    public java.lang.String getFrom()
    public java.lang.String getTo()
    public java.util.Map getData()
    public java.lang.String getCollapseKey()
    public java.lang.String getMessageId()
    public java.lang.String getMessageType()
    public long getSentTime()
    public int getTtl()
    public com.google.firebase.messaging.RemoteMessage$Notification getNotification()
com.google.firebase.messaging.RemoteMessage$1
com.google.firebase.messaging.RemoteMessage$Builder
com.google.firebase.messaging.RemoteMessage$Notification
com.google.firebase.messaging.SendException:
    public static final int ERROR_UNKNOWN
    public static final int ERROR_INVALID_PARAMETERS
    public static final int ERROR_SIZE
    public static final int ERROR_TTL_EXCEEDED
    public static final int ERROR_TOO_MANY_MESSAGES
    public int getErrorCode()
com.google.firebase.remoteconfig.FirebaseRemoteConfig
com.google.firebase.remoteconfig.FirebaseRemoteConfig$1
com.google.firebase.remoteconfig.FirebaseRemoteConfig$zza
com.google.firebase.remoteconfig.FirebaseRemoteConfigException